[debug] [2024-05-10T16:53:58.059Z] ----------------------------------------------------------------------
[debug] [2024-05-10T16:53:58.061Z] Command:       /home/adduser/.nvm/versions/node/v18.17.0/bin/node /home/adduser/.nvm/versions/node/v18.17.0/bin/firebase init
[debug] [2024-05-10T16:53:58.061Z] CLI Version:   13.8.2
[debug] [2024-05-10T16:53:58.061Z] Platform:      linux
[debug] [2024-05-10T16:53:58.061Z] Node Version:  v18.17.0
[debug] [2024-05-10T16:53:58.062Z] Time:          Fri May 10 2024 18:53:58 GMT+0200 (South Africa Standard Time)
[debug] [2024-05-10T16:53:58.062Z] ----------------------------------------------------------------------
[debug] 
[debug] [2024-05-10T16:53:58.066Z] > command requires scopes: ["email","openid","https://www.googleapis.com/auth/cloudplatformprojects.readonly","https://www.googleapis.com/auth/firebase","https://www.googleapis.com/auth/cloud-platform"]
[debug] [2024-05-10T16:53:58.066Z] > authorizing via signed-in user (thumekatembani21@gmail.com)
[info] 
     ######## #### ########  ######## ########     ###     ######  ########
     ##        ##  ##     ## ##       ##     ##  ##   ##  ##       ##
     ######    ##  ########  ######   ########  #########  ######  ######
     ##        ##  ##    ##  ##       ##     ## ##     ##       ## ##
     ##       #### ##     ## ######## ########  ##     ##  ######  ########

You're about to initialize a Firebase project in this directory:

  /home/adduser/Nature-s-View-Cart/portfolio_project/natures_viewcart

[info] 
=== Project Setup
[info] 
[info] First, let's associate this project directory with a Firebase project.
[info] You can create multiple project aliases by running firebase use --add, 
[info] but for now we'll just set up a default project.
[info] 
[debug] [2024-05-10T16:55:08.740Z] >>> [apiv2][query] GET https://firebase.googleapis.com/v1beta1/projects pageSize=100
[debug] [2024-05-10T16:55:10.163Z] <<< [apiv2][status] GET https://firebase.googleapis.com/v1beta1/projects 200
[debug] [2024-05-10T16:55:10.163Z] <<< [apiv2][body] GET https://firebase.googleapis.com/v1beta1/projects [omitted]
[info] i  Using project nature-s-cart (Nature's View-Cart) 
[info] 
=== Database Setup
[info] i  database: ensuring required API firebasedatabase.googleapis.com is enabled... 
[debug] [2024-05-10T16:55:17.508Z] >>> [apiv2][query] GET https://serviceusage.googleapis.com/v1/projects/nature-s-cart/services/firebasedatabase.googleapis.com [none]
[debug] [2024-05-10T16:55:17.508Z] >>> [apiv2][(partial)header] GET https://serviceusage.googleapis.com/v1/projects/nature-s-cart/services/firebasedatabase.googleapis.com x-goog-quota-user=projects/nature-s-cart
[debug] [2024-05-10T16:55:19.493Z] <<< [apiv2][status] GET https://serviceusage.googleapis.com/v1/projects/nature-s-cart/services/firebasedatabase.googleapis.com 200
[debug] [2024-05-10T16:55:19.493Z] <<< [apiv2][body] GET https://serviceusage.googleapis.com/v1/projects/nature-s-cart/services/firebasedatabase.googleapis.com [omitted]
[warn] ⚠  database: missing required API firebasedatabase.googleapis.com. Enabling now... 
[debug] [2024-05-10T16:55:19.494Z] >>> [apiv2][query] POST https://serviceusage.googleapis.com/v1/projects/nature-s-cart/services/firebasedatabase.googleapis.com:enable [none]
[debug] [2024-05-10T16:55:19.494Z] >>> [apiv2][(partial)header] POST https://serviceusage.googleapis.com/v1/projects/nature-s-cart/services/firebasedatabase.googleapis.com:enable x-goog-quota-user=projects/nature-s-cart
[debug] [2024-05-10T16:55:21.894Z] <<< [apiv2][status] POST https://serviceusage.googleapis.com/v1/projects/nature-s-cart/services/firebasedatabase.googleapis.com:enable 200
[debug] [2024-05-10T16:55:21.894Z] <<< [apiv2][body] POST https://serviceusage.googleapis.com/v1/projects/nature-s-cart/services/firebasedatabase.googleapis.com:enable [omitted]
[debug] [2024-05-10T16:55:31.905Z] >>> [apiv2][query] GET https://serviceusage.googleapis.com/v1/projects/nature-s-cart/services/firebasedatabase.googleapis.com [none]
[debug] [2024-05-10T16:55:31.906Z] >>> [apiv2][(partial)header] GET https://serviceusage.googleapis.com/v1/projects/nature-s-cart/services/firebasedatabase.googleapis.com x-goog-quota-user=projects/nature-s-cart
[debug] [2024-05-10T16:55:33.679Z] <<< [apiv2][status] GET https://serviceusage.googleapis.com/v1/projects/nature-s-cart/services/firebasedatabase.googleapis.com 200
[debug] [2024-05-10T16:55:33.679Z] <<< [apiv2][body] GET https://serviceusage.googleapis.com/v1/projects/nature-s-cart/services/firebasedatabase.googleapis.com [omitted]
[info] ✔  database: required API firebasedatabase.googleapis.com is enabled 
[info] 
[debug] [2024-05-10T16:55:33.683Z] >>> [apiv2][query] GET https://firebase.googleapis.com/v1beta1/projects/nature-s-cart [none]
[debug] [2024-05-10T16:55:34.306Z] <<< [apiv2][status] GET https://firebase.googleapis.com/v1beta1/projects/nature-s-cart 200
[debug] [2024-05-10T16:55:34.306Z] <<< [apiv2][body] GET https://firebase.googleapis.com/v1beta1/projects/nature-s-cart {"projectId":"nature-s-cart","projectNumber":"168210363008","displayName":"Nature's View-Cart","name":"projects/nature-s-cart","resources":{"hostingSite":"nature-s-cart"},"state":"ACTIVE","etag":"1_2454b4cc-4ab1-4953-8367-1a6586059936"}
[debug] [2024-05-10T16:55:55.388Z] >>> [apiv2][query] POST https://firebasedatabase.googleapis.com/v1beta/projects/nature-s-cart/locations/us-central1/instances databaseId=nature-s-cart-default-rtdb&validateOnly=true
[debug] [2024-05-10T16:55:55.388Z] >>> [apiv2][body] POST https://firebasedatabase.googleapis.com/v1beta/projects/nature-s-cart/locations/us-central1/instances {"type":"default_database"}
[debug] [2024-05-10T16:55:57.382Z] <<< [apiv2][status] POST https://firebasedatabase.googleapis.com/v1beta/projects/nature-s-cart/locations/us-central1/instances 200
[debug] [2024-05-10T16:55:57.382Z] <<< [apiv2][body] POST https://firebasedatabase.googleapis.com/v1beta/projects/nature-s-cart/locations/us-central1/instances {"name":"projects/168210363008/locations/us-central1/instances/nature-s-cart-default-rtdb","project":"projects/168210363008","databaseUrl":"https://nature-s-cart-default-rtdb.firebaseio.com","type":"DEFAULT_DATABASE","state":"ACTIVE"}
[debug] [2024-05-10T16:55:57.384Z] >>> [apiv2][query] POST https://firebasedatabase.googleapis.com/v1beta/projects/nature-s-cart/locations/us-central1/instances databaseId=nature-s-cart-default-rtdb
[debug] [2024-05-10T16:55:57.384Z] >>> [apiv2][body] POST https://firebasedatabase.googleapis.com/v1beta/projects/nature-s-cart/locations/us-central1/instances {"type":"default_database"}
[debug] [2024-05-10T16:55:59.464Z] <<< [apiv2][status] POST https://firebasedatabase.googleapis.com/v1beta/projects/nature-s-cart/locations/us-central1/instances 200
[debug] [2024-05-10T16:55:59.464Z] <<< [apiv2][body] POST https://firebasedatabase.googleapis.com/v1beta/projects/nature-s-cart/locations/us-central1/instances {"name":"projects/168210363008/locations/us-central1/instances/nature-s-cart-default-rtdb","project":"projects/168210363008","databaseUrl":"https://nature-s-cart-default-rtdb.firebaseio.com","type":"DEFAULT_DATABASE","state":"ACTIVE"}
[info] 
[info] Firebase Realtime Database Security Rules allow you to define how your data should be
[info] structured and when your data can be read from and written to.
[info] 
[debug] [2024-05-10T16:58:08.065Z] >>> [apiv2][query] GET https://nature-s-cart-default-rtdb.firebaseio.com/.settings/rules.json [none]
[debug] [2024-05-10T16:58:09.247Z] <<< [apiv2][status] GET https://nature-s-cart-default-rtdb.firebaseio.com/.settings/rules.json 200
[debug] [2024-05-10T16:58:09.247Z] <<< [apiv2][body] GET https://nature-s-cart-default-rtdb.firebaseio.com/.settings/rules.json [stream]
[debug] [2024-05-10T16:58:09.631Z] Error: EISDIR: illegal operation on a directory, open '/home/adduser/Nature-s-View-Cart/portfolio_project/natures_viewcart/src'
    at Object.openSync (node:fs:603:3)
    at Object.writeFileSync (node:fs:2324:35)
    at Object.createFileSync (/home/adduser/.nvm/versions/node/v18.17.0/lib/node_modules/firebase-tools/node_modules/fs-extra/lib/ensure/file.js:63:6)
    at Config.writeProjectFile (/home/adduser/.nvm/versions/node/v18.17.0/lib/node_modules/firebase-tools/lib/config.js:154:12)
    at writeDBRules (/home/adduser/.nvm/versions/node/v18.17.0/lib/node_modules/firebase-tools/lib/init/features/database.js:34:12)
    at doSetup (/home/adduser/.nvm/versions/node/v18.17.0/lib/node_modules/firebase-tools/lib/init/features/database.js:124:13)
    at process.processTicksAndRejections (node:internal/process/task_queues:95:5)
    at async init (/home/adduser/.nvm/versions/node/v18.17.0/lib/node_modules/firebase-tools/lib/init/index.js:39:9)
[error] 
[error] Error: An unexpected error has occurred.
